<?xml version="1.0" encoding="UTF-8"?>
<!-- Generated by org.testng.reporters.JUnitXMLReporter -->
<testsuite hostname="siddhartha" ignored="0" name="Default test" tests="3" failures="0" timestamp="15 Sep 2018 14:59:37 GMT" time="0.046" errors="0">
  <testcase name="login" time="0.007" classname="features.Dataprovider"/>
  <testcase name="login" time="0.002" classname="features.Dataprovider"/>
  <testcase name="login" time="0.001" classname="features.Dataprovider"/>
</testsuite> <!-- Default test -->
