<?xml version="1.0" encoding="UTF-8"?>
<!-- Generated by org.testng.reporters.JUnitXMLReporter -->
<testsuite hostname="siddhartha" ignored="0" name="Test" tests="4" failures="0" timestamp="13 Sep 2018 18:27:18 GMT" time="0.089" errors="0">
  <testcase name="four" time="0.016" classname="parallal_execution.method_parallal"/>
  <testcase name="one" time="0.002" classname="parallal_execution.method_parallal"/>
  <testcase name="three" time="0.002" classname="parallal_execution.method_parallal"/>
  <testcase name="two" time="0.003" classname="parallal_execution.method_parallal"/>
</testsuite> <!-- Test -->
