<?xml version="1.0" encoding="UTF-8"?>
<testng-results skipped="0" failed="0" ignored="0" total="3" passed="3">
  <reporter-output>
  </reporter-output>
  <suite name="Default suite" duration-ms="46" started-at="2018-09-15T14:59:37Z" finished-at="2018-09-15T14:59:37Z">
    <groups>
    </groups>
    <test name="Default test" duration-ms="46" started-at="2018-09-15T14:59:37Z" finished-at="2018-09-15T14:59:37Z">
      <class name="features.Dataprovider">
        <test-method status="PASS" signature="login(java.lang.String, java.lang.String)[pri:0, instance:features.Dataprovider@6276ae34]" name="login" duration-ms="7" started-at="2018-09-15T20:29:37Z" data-provider="testdata" finished-at="2018-09-15T20:29:37Z">
          <params>
            <param index="0">
              <value>
                <![CDATA[user1]]>
              </value>
            </param>
            <param index="1">
              <value>
                <![CDATA[pass1]]>
              </value>
            </param>
          </params>
          <reporter-output>
          </reporter-output>
        </test-method> <!-- login -->
        <test-method status="PASS" signature="login(java.lang.String, java.lang.String)[pri:0, instance:features.Dataprovider@6276ae34]" name="login" duration-ms="2" started-at="2018-09-15T20:29:37Z" data-provider="testdata" finished-at="2018-09-15T20:29:37Z">
          <params>
            <param index="0">
              <value>
                <![CDATA[user2]]>
              </value>
            </param>
            <param index="1">
              <value>
                <![CDATA[pass2]]>
              </value>
            </param>
          </params>
          <reporter-output>
          </reporter-output>
        </test-method> <!-- login -->
        <test-method status="PASS" signature="login(java.lang.String, java.lang.String)[pri:0, instance:features.Dataprovider@6276ae34]" name="login" duration-ms="1" started-at="2018-09-15T20:29:37Z" data-provider="testdata" finished-at="2018-09-15T20:29:37Z">
          <params>
            <param index="0">
              <value>
                <![CDATA[user3]]>
              </value>
            </param>
            <param index="1">
              <value>
                <![CDATA[pass3]]>
              </value>
            </param>
          </params>
          <reporter-output>
          </reporter-output>
        </test-method> <!-- login -->
      </class> <!-- features.Dataprovider -->
    </test> <!-- Default test -->
  </suite> <!-- Default suite -->
</testng-results>
